Listening on port 8080
Login Request received.
39
Got SQL Query
Sending result: 2
Request Received at: /getAllPosts
Sending result: [object Object],[object Object],[object Object],[object Object],[object Object],[object Object],[object Object]
Login Request received.
39
Got SQL Query
Sending result: 2
Request Received at: /getAllPosts
Sending result: [object Object],[object Object],[object Object],[object Object],[object Object],[object Object],[object Object]
Login Request received.
39
Got SQL Query
Sending result: 2
Request Received at: /getAllPosts
Sending result: [object Object],[object Object],[object Object],[object Object],[object Object],[object Object],[object Object]
Login Request received.
35
Got SQL Query
Sending result: 3
Request Received at: /getAllPosts
Sending result: [object Object],[object Object],[object Object],[object Object],[object Object],[object Object],[object Object]
Login Request received.
39
Got SQL Query
Sending result: 2
Request Received at: /getAllPosts
Sending result: [object Object],[object Object],[object Object],[object Object],[object Object],[object Object],[object Object]
Login Request received.
39
Got SQL Query
Sending result: 2
Request Received at: /getAllPosts
Sending result: [object Object],[object Object],[object Object],[object Object],[object Object],[object Object],[object Object]
11
Delete request received
undefined
DELETE FROM posts_with_mediumblob WHERE id = 34
Deleted 1 rows
Request Received at: /getAllPosts
Sending result: [object Object],[object Object],[object Object],[object Object],[object Object],[object Object]
Request Received at: /getAllPosts
Sending result: [object Object],[object Object],[object Object],[object Object],[object Object],[object Object]
Request Received at: /getAllPosts
Sending result: [object Object],[object Object],[object Object],[object Object],[object Object],[object Object]
Login Request received.
36
Got SQL Query
Wrong username/password
Login Request received.
35
Got SQL Query
Sending result: 3
Request Received at: /getAllPosts
Sending result: [object Object],[object Object],[object Object],[object Object],[object Object],[object Object]
11
Delete request received
undefined
DELETE FROM posts_with_mediumblob WHERE id = 33
Deleted 1 rows
Request Received at: /getAllPosts
Sending result: [object Object],[object Object],[object Object],[object Object],[object Object]
73198
Got SQL Query
null
null
Request Received
Request Received at: /getAllPosts
Sending result: [object Object],[object Object],[object Object],[object Object],[object Object],[object Object]
Request Received at: /getAllPosts
Sending result: [object Object],[object Object],[object Object],[object Object],[object Object],[object Object]
Request Received at: /getAllPosts
Sending result: [object Object],[object Object],[object Object],[object Object],[object Object],[object Object]
Request Received
module.js:339
    throw err;
    ^

Error: Cannot find module './controllers'
    at Function.Module._resolveFilename (module.js:337:15)
    at Function.Module._load (module.js:287:25)
    at Module.require (module.js:366:17)
    at require (module.js:385:17)
    at Object.<anonymous> (/home/chooseradmin/chooser_server/server.js:5:19)
    at Module._compile (module.js:435:26)
    at Object.Module._extensions..js (module.js:442:10)
    at Module.load (module.js:356:32)
    at Function.Module._load (module.js:311:12)
    at Function.Module.runMain (module.js:467:10)
